Base path: C:/Program Files (x86)/Unity/Editor/Data
Pipe name: \\.\pipe\UnityShaderCompiler-1-4804
Cmd: getPlatforms
Cmd: preprocess
  insize=447 outsize=447 ok=1
Cmd: preprocess
  insize=1584 outsize=2244 ok=1
Cmd: preprocess
  insize=2933 outsize=203 ok=1
Cmd: preprocess
  insize=1099 outsize=1249 ok=1
Cmd: preprocess
  insize=1479 outsize=1093 ok=1
Cmd: preprocess
  insize=836 outsize=215 ok=1
Cmd: preprocess
  insize=1423 outsize=2191 ok=1
Cmd: preprocess
  insize=7006 outsize=291 ok=1
Cmd: preprocess
  insize=1013 outsize=1267 ok=1
Cmd: preprocess
  insize=1048 outsize=887 ok=1
Cmd: preprocess
  insize=2379 outsize=1092 ok=1
Cmd: preprocess
  insize=2237 outsize=975 ok=1
Cmd: preprocess
  insize=551 outsize=183 ok=1
Cmd: preprocess
  insize=678 outsize=208 ok=1
Cmd: preprocess
  insize=2926 outsize=568 ok=1
Cmd: preprocess
  insize=4254 outsize=230 ok=1
Cmd: preprocess
  insize=1576 outsize=991 ok=1
Cmd: preprocess
  insize=27271 outsize=4722 ok=1
Cmd: preprocess
  insize=1228 outsize=198 ok=1
Cmd: preprocess
  insize=1013 outsize=1508 ok=1
Cmd: preprocess
  insize=719 outsize=719 ok=1
Cmd: preprocess
  insize=2274 outsize=1036 ok=1
Cmd: preprocess
  insize=1500 outsize=667 ok=1
Cmd: preprocess
  insize=5752 outsize=1270 ok=1
Cmd: preprocess
  insize=880 outsize=1108 ok=1
